  lab_work_3.cpp
D:\учеба\C++\lab_work_3\lab_work_3\Graph.h(257,15): warning C4244: инициализация: преобразование "__int64" в "int", возможна потеря данных
D:\учеба\C++\lab_work_3\lab_work_3\Graph.h(241): message : во время компиляции функции-члена класс шаблон "auto Graph<std::string,int>::insert_edge(Tnode,Tnode,Tweight)"
          with
          [
              Tnode=std::string,
              Tweight=int
          ]
D:\учеба\C++\lab_work_3\lab_work_3\lab_work_3.cpp(20): message : выполняется компиляция ссылки на экземпляр класс шаблон функции "Graph<std::string,int>"
D:\учеба\C++\lab_work_3\lab_work_3\Graph.h(258,15): warning C4244: инициализация: преобразование "__int64" в "int", возможна потеря данных
D:\учеба\C++\lab_work_3\lab_work_3\Graph.h(281,15): warning C4244: инициализация: преобразование "__int64" в "int", возможна потеря данных
D:\учеба\C++\lab_work_3\lab_work_3\Graph.h(266): message : во время компиляции функции-члена класс шаблон "auto Graph<std::string,int>::insert_or_assign_edge(Tnode,Tnode,Tweight)"
          with
          [
              Tnode=std::string,
              Tweight=int
          ]
D:\учеба\C++\lab_work_3\lab_work_3\Graph.h(282,15): warning C4244: инициализация: преобразование "__int64" в "int", возможна потеря данных
D:\учеба\C++\lab_work_3\lab_work_3\Graph.h(328,13): warning C4244: инициализация: преобразование "__int64" в "int", возможна потеря данных
D:\учеба\C++\lab_work_3\lab_work_3\Graph.h(324): message : во время компиляции функции-члена класс шаблон "bool Graph<std::string,int>::erase_node(Tnode)"
          with
          [
              Tnode=std::string
          ]
D:\учеба\C++\lab_work_3\lab_work_3\lab_work_3.cpp(42): message : выполняется компиляция ссылки на экземпляр шаблон функции "bool Graph<std::string,int>::erase_node(Tnode)"
          with
          [
              Tnode=std::string
          ]
D:\учеба\C++\lab_work_3\lab_work_3\Graph.h(314,13): warning C4244: инициализация: преобразование "__int64" в "int", возможна потеря данных
D:\учеба\C++\lab_work_3\lab_work_3\Graph.h(310): message : во время компиляции функции-члена класс шаблон "bool Graph<std::string,int>::erase_edges_go_to(Tnode)"
          with
          [
              Tnode=std::string
          ]
D:\учеба\C++\lab_work_3\lab_work_3\lab_work_3.cpp(58): message : выполняется компиляция ссылки на экземпляр шаблон функции "bool Graph<std::string,int>::erase_edges_go_to(Tnode)"
          with
          [
              Tnode=std::string
          ]
D:\учеба\C++\lab_work_3\lab_work_3\Graph.h(301,13): warning C4244: инициализация: преобразование "__int64" в "int", возможна потеря данных
D:\учеба\C++\lab_work_3\lab_work_3\Graph.h(297): message : во время компиляции функции-члена класс шаблон "bool Graph<std::string,int>::erase_edges_go_from(Tnode)"
          with
          [
              Tnode=std::string
          ]
D:\учеба\C++\lab_work_3\lab_work_3\lab_work_3.cpp(55): message : выполняется компиляция ссылки на экземпляр шаблон функции "bool Graph<std::string,int>::erase_edges_go_from(Tnode)"
          with
          [
              Tnode=std::string
          ]
D:\учеба\C++\lab_work_3\lab_work_3\Graph.h(146,1): warning C4267: инициализация: преобразование из "size_t" в "int"; возможна потеря данных
D:\учеба\C++\lab_work_3\lab_work_3\Graph.h(142): message : во время компиляции функции-члена класс шаблон "size_t Graph<std::string,int>::degree_out(Tnode)"
          with
          [
              Tnode=std::string
          ]
D:\учеба\C++\lab_work_3\lab_work_3\lab_work_3.cpp(34): message : выполняется компиляция ссылки на экземпляр шаблон функции "size_t Graph<std::string,int>::degree_out(Tnode)"
          with
          [
              Tnode=std::string
          ]
D:\учеба\C++\lab_work_3\lab_work_3\Graph.h(118,1): warning C4267: инициализация: преобразование из "size_t" в "int"; возможна потеря данных
D:\учеба\C++\lab_work_3\lab_work_3\Graph.h(113): message : во время компиляции функции-члена класс шаблон "size_t Graph<std::string,int>::degree_in(Tnode)"
          with
          [
              Tnode=std::string
          ]
D:\учеба\C++\lab_work_3\lab_work_3\lab_work_3.cpp(33): message : выполняется компиляция ссылки на экземпляр шаблон функции "size_t Graph<std::string,int>::degree_in(Tnode)"
          with
          [
              Tnode=std::string
          ]
D:\учеба\C++\lab_work_3\lab_work_3\Graph.h(27,1): warning C4267: =: преобразование из "size_t" в "int"; возможна потеря данных
D:\учеба\C++\lab_work_3\lab_work_3\Graph.h(24): message : во время компиляции функции-члена класс шаблон "Graph<std::string,int>::Graph(std::set<std::string,std::less<std::string>,std::allocator<std::string>>,Matrix<int>)"
D:\учеба\C++\lab_work_3\lab_work_3\lab_work_3.cpp(20): message : выполняется компиляция ссылки на экземпляр шаблон функции "Graph<std::string,int>::Graph(std::set<std::string,std::less<std::string>,std::allocator<std::string>>,Matrix<int>)"
D:\учеба\C++\lab_work_3\lab_work_3\Matrix.h(35,1): warning C4267: =: преобразование из "size_t" в "int"; возможна потеря данных
D:\учеба\C++\lab_work_3\lab_work_3\Matrix.h(33): message : во время компиляции функции-члена класс шаблон "Matrix<int>::Matrix(std::initializer_list<std::initializer_list<T>>)"
          with
          [
              T=int
          ]
D:\учеба\C++\lab_work_3\lab_work_3\lab_work_3.cpp(12): message : выполняется компиляция ссылки на экземпляр шаблон функции "Matrix<int>::Matrix(std::initializer_list<std::initializer_list<T>>)"
          with
          [
              T=int
          ]
D:\учеба\C++\lab_work_3\lab_work_3\lab_work_3.cpp(12): message : выполняется компиляция ссылки на экземпляр класс шаблон функции "Matrix<int>"
D:\учеба\C++\lab_work_3\lab_work_3\Matrix.h(36,1): warning C4267: =: преобразование из "size_t" в "int"; возможна потеря данных
  lab_work_3.vcxproj -> D:\учеба\C++\lab_work_3\x64\Debug\lab_work_3.exe
